d:\fh\medienprogrammieren\fuwa_td\towerdefense\debug\vc120.pdb
d:\fh\medienprogrammieren\fuwa_td\towerdefense\debug\vc120.idb
d:\fh\medienprogrammieren\fuwa_td\towerdefense\debug\main.obj
d:\fh\medienprogrammieren\fuwa_td\towerdefense\debug\spiel.obj
d:\fh\medienprogrammieren\fuwa_td\towerdefense\debug\gegner.obj
d:\fh\medienprogrammieren\fuwa_td\debug\towerdefense.ilk
d:\fh\medienprogrammieren\fuwa_td\debug\towerdefense.exe
d:\fh\medienprogrammieren\fuwa_td\debug\towerdefense.pdb
d:\fh\medienprogrammieren\fuwa_td\towerdefense\debug\towerdefense.tlog\cl.command.1.tlog
d:\fh\medienprogrammieren\fuwa_td\towerdefense\debug\towerdefense.tlog\cl.read.1.tlog
d:\fh\medienprogrammieren\fuwa_td\towerdefense\debug\towerdefense.tlog\cl.write.1.tlog
d:\fh\medienprogrammieren\fuwa_td\towerdefense\debug\towerdefense.tlog\link-cvtres.read.1.tlog
d:\fh\medienprogrammieren\fuwa_td\towerdefense\debug\towerdefense.tlog\link-cvtres.write.1.tlog
d:\fh\medienprogrammieren\fuwa_td\towerdefense\debug\towerdefense.tlog\link-rc.read.1.tlog
d:\fh\medienprogrammieren\fuwa_td\towerdefense\debug\towerdefense.tlog\link-rc.write.1.tlog
d:\fh\medienprogrammieren\fuwa_td\towerdefense\debug\towerdefense.tlog\link.8928-cvtres.read.1.tlog
d:\fh\medienprogrammieren\fuwa_td\towerdefense\debug\towerdefense.tlog\link.8928-cvtres.write.1.tlog
d:\fh\medienprogrammieren\fuwa_td\towerdefense\debug\towerdefense.tlog\link.8928-rc.read.1.tlog
d:\fh\medienprogrammieren\fuwa_td\towerdefense\debug\towerdefense.tlog\link.8928-rc.write.1.tlog
d:\fh\medienprogrammieren\fuwa_td\towerdefense\debug\towerdefense.tlog\link.8928.read.1.tlog
d:\fh\medienprogrammieren\fuwa_td\towerdefense\debug\towerdefense.tlog\link.8928.write.1.tlog
d:\fh\medienprogrammieren\fuwa_td\towerdefense\debug\towerdefense.tlog\link.command.1.tlog
d:\fh\medienprogrammieren\fuwa_td\towerdefense\debug\towerdefense.tlog\link.read.1.tlog
d:\fh\medienprogrammieren\fuwa_td\towerdefense\debug\towerdefense.tlog\link.write.1.tlog
